<?xml version="1.0" encoding="UTF-8"?>
<testsuite xmlns:xsi="http://www.w3.org/2001/XMLSchema-instance" xsi:noNamespaceSchemaLocation="https://maven.apache.org/surefire/maven-surefire-plugin/xsd/surefire-test-report.xsd" name="api.chucknorris.io.runners.AllTests" time="13.265" tests="8" errors="0" skipped="0" failures="0">
  <properties>
    <property name="sun.desktop" value="windows"/>
    <property name="awt.toolkit" value="sun.awt.windows.WToolkit"/>
    <property name="file.encoding.pkg" value="sun.io"/>
    <property name="java.specification.version" value="1.8"/>
    <property name="sun.cpu.isalist" value="amd64"/>
    <property name="sun.jnu.encoding" value="Cp1252"/>
    <property name="java.class.path" value="C:\Users\caio.schunck\Desktop\Automação geral\Projetos\restassured-project\target\test-classes;C:\Users\caio.schunck\Desktop\Automação geral\Projetos\restassured-project\target\classes;C:\Users\caio.schunck\.m2\repository\junit\junit\4.13.2\junit-4.13.2.jar;C:\Users\caio.schunck\.m2\repository\io\rest-assured\rest-assured\3.1.0\rest-assured-3.1.0.jar;C:\Users\caio.schunck\.m2\repository\org\codehaus\groovy\groovy\2.4.12\groovy-2.4.12.jar;C:\Users\caio.schunck\.m2\repository\org\codehaus\groovy\groovy-xml\2.4.12\groovy-xml-2.4.12.jar;C:\Users\caio.schunck\.m2\repository\org\apache\httpcomponents\httpclient\4.5.3\httpclient-4.5.3.jar;C:\Users\caio.schunck\.m2\repository\org\apache\httpcomponents\httpcore\4.4.6\httpcore-4.4.6.jar;C:\Users\caio.schunck\.m2\repository\commons-logging\commons-logging\1.2\commons-logging-1.2.jar;C:\Users\caio.schunck\.m2\repository\commons-codec\commons-codec\1.9\commons-codec-1.9.jar;C:\Users\caio.schunck\.m2\repository\org\apache\httpcomponents\httpmime\4.5.1\httpmime-4.5.1.jar;C:\Users\caio.schunck\.m2\repository\org\hamcrest\hamcrest-library\1.3\hamcrest-library-1.3.jar;C:\Users\caio.schunck\.m2\repository\org\ccil\cowan\tagsoup\tagsoup\1.2.1\tagsoup-1.2.1.jar;C:\Users\caio.schunck\.m2\repository\io\rest-assured\xml-path\3.1.0\xml-path-3.1.0.jar;C:\Users\caio.schunck\.m2\repository\org\apache\commons\commons-lang3\3.4\commons-lang3-3.4.jar;C:\Users\caio.schunck\.m2\repository\javax\xml\bind\jaxb-api\2.2.12\jaxb-api-2.2.12.jar;C:\Users\caio.schunck\.m2\repository\io\qameta\allure\allure-java-commons\2.9.0\allure-java-commons-2.9.0.jar;C:\Users\caio.schunck\.m2\repository\io\qameta\allure\allure-model\2.9.0\allure-model-2.9.0.jar;C:\Users\caio.schunck\.m2\repository\com\fasterxml\jackson\core\jackson-databind\2.9.7\jackson-databind-2.9.7.jar;C:\Users\caio.schunck\.m2\repository\com\fasterxml\jackson\core\jackson-annotations\2.9.0\jackson-annotations-2.9.0.jar;C:\Users\caio.schunck\.m2\repository\com\fasterxml\jackson\core\jackson-core\2.9.7\jackson-core-2.9.7.jar;C:\Users\caio.schunck\.m2\repository\org\apache\tika\tika-core\1.19.1\tika-core-1.19.1.jar;C:\Users\caio.schunck\.m2\repository\org\aspectj\aspectjrt\1.9.1\aspectjrt-1.9.1.jar;C:\Users\caio.schunck\.m2\repository\org\jooq\joor-java-8\0.9.9\joor-java-8-0.9.9.jar;C:\Users\caio.schunck\.m2\repository\org\slf4j\slf4j-api\1.7.25\slf4j-api-1.7.25.jar;C:\Users\caio.schunck\.m2\repository\io\qameta\allure\allure-junit4\2.9.0\allure-junit4-2.9.0.jar;C:\Users\caio.schunck\.m2\repository\org\projectlombok\lombok\1.18.6\lombok-1.18.6.jar;C:\Users\caio.schunck\.m2\repository\io\rest-assured\json-schema-validator\3.1.0\json-schema-validator-3.1.0.jar;C:\Users\caio.schunck\.m2\repository\com\github\fge\json-schema-validator\2.2.6\json-schema-validator-2.2.6.jar;C:\Users\caio.schunck\.m2\repository\com\google\code\findbugs\jsr305\3.0.0\jsr305-3.0.0.jar;C:\Users\caio.schunck\.m2\repository\joda-time\joda-time\2.3\joda-time-2.3.jar;C:\Users\caio.schunck\.m2\repository\com\googlecode\libphonenumber\libphonenumber\6.2\libphonenumber-6.2.jar;C:\Users\caio.schunck\.m2\repository\com\github\fge\json-schema-core\1.2.5\json-schema-core-1.2.5.jar;C:\Users\caio.schunck\.m2\repository\com\github\fge\uri-template\0.9\uri-template-0.9.jar;C:\Users\caio.schunck\.m2\repository\com\github\fge\msg-simple\1.1\msg-simple-1.1.jar;C:\Users\caio.schunck\.m2\repository\com\github\fge\btf\1.2\btf-1.2.jar;C:\Users\caio.schunck\.m2\repository\com\google\guava\guava\16.0.1\guava-16.0.1.jar;C:\Users\caio.schunck\.m2\repository\com\github\fge\jackson-coreutils\1.8\jackson-coreutils-1.8.jar;C:\Users\caio.schunck\.m2\repository\org\mozilla\rhino\1.7R4\rhino-1.7R4.jar;C:\Users\caio.schunck\.m2\repository\javax\mail\mailapi\1.4.3\mailapi-1.4.3.jar;C:\Users\caio.schunck\.m2\repository\javax\activation\activation\1.1\activation-1.1.jar;C:\Users\caio.schunck\.m2\repository\net\sf\jopt-simple\jopt-simple\4.6\jopt-simple-4.6.jar;C:\Users\caio.schunck\.m2\repository\io\rest-assured\json-path\3.1.0\json-path-3.1.0.jar;C:\Users\caio.schunck\.m2\repository\org\codehaus\groovy\groovy-json\2.4.12\groovy-json-2.4.12.jar;C:\Users\caio.schunck\.m2\repository\io\rest-assured\rest-assured-common\3.1.0\rest-assured-common-3.1.0.jar;C:\Users\caio.schunck\.m2\repository\com\google\code\gson\gson\2.8.5\gson-2.8.5.jar;C:\Users\caio.schunck\.m2\repository\org\hamcrest\hamcrest-core\1.3\hamcrest-core-1.3.jar;"/>
    <property name="java.vm.vendor" value="Oracle Corporation"/>
    <property name="sun.arch.data.model" value="64"/>
    <property name="user.variant" value=""/>
    <property name="java.vendor.url" value="http://java.oracle.com/"/>
    <property name="user.timezone" value="America/Sao_Paulo"/>
    <property name="java.vm.specification.version" value="1.8"/>
    <property name="os.name" value="Windows 10"/>
    <property name="user.country" value="BR"/>
    <property name="sun.java.launcher" value="SUN_STANDARD"/>
    <property name="sun.boot.library.path" value="C:\Program Files\Java\jdk1.8.0_241\jre\bin"/>
    <property name="sun.java.command" value="C:\Users\CAIO~1.SCH\AppData\Local\Temp\surefire1907116866738508874\surefirebooter6798566331547171819.jar C:\Users\caio.schunck\AppData\Local\Temp\surefire1907116866738508874 2021-09-23T14-43-34_702-jvmRun1 surefire7508991378998878910tmp surefire_04391021046897750123tmp"/>
    <property name="surefire.test.class.path" value="C:\Users\caio.schunck\Desktop\Automação geral\Projetos\restassured-project\target\test-classes;C:\Users\caio.schunck\Desktop\Automação geral\Projetos\restassured-project\target\classes;C:\Users\caio.schunck\.m2\repository\junit\junit\4.13.2\junit-4.13.2.jar;C:\Users\caio.schunck\.m2\repository\io\rest-assured\rest-assured\3.1.0\rest-assured-3.1.0.jar;C:\Users\caio.schunck\.m2\repository\org\codehaus\groovy\groovy\2.4.12\groovy-2.4.12.jar;C:\Users\caio.schunck\.m2\repository\org\codehaus\groovy\groovy-xml\2.4.12\groovy-xml-2.4.12.jar;C:\Users\caio.schunck\.m2\repository\org\apache\httpcomponents\httpclient\4.5.3\httpclient-4.5.3.jar;C:\Users\caio.schunck\.m2\repository\org\apache\httpcomponents\httpcore\4.4.6\httpcore-4.4.6.jar;C:\Users\caio.schunck\.m2\repository\commons-logging\commons-logging\1.2\commons-logging-1.2.jar;C:\Users\caio.schunck\.m2\repository\commons-codec\commons-codec\1.9\commons-codec-1.9.jar;C:\Users\caio.schunck\.m2\repository\org\apache\httpcomponents\httpmime\4.5.1\httpmime-4.5.1.jar;C:\Users\caio.schunck\.m2\repository\org\hamcrest\hamcrest-library\1.3\hamcrest-library-1.3.jar;C:\Users\caio.schunck\.m2\repository\org\ccil\cowan\tagsoup\tagsoup\1.2.1\tagsoup-1.2.1.jar;C:\Users\caio.schunck\.m2\repository\io\rest-assured\xml-path\3.1.0\xml-path-3.1.0.jar;C:\Users\caio.schunck\.m2\repository\org\apache\commons\commons-lang3\3.4\commons-lang3-3.4.jar;C:\Users\caio.schunck\.m2\repository\javax\xml\bind\jaxb-api\2.2.12\jaxb-api-2.2.12.jar;C:\Users\caio.schunck\.m2\repository\io\qameta\allure\allure-java-commons\2.9.0\allure-java-commons-2.9.0.jar;C:\Users\caio.schunck\.m2\repository\io\qameta\allure\allure-model\2.9.0\allure-model-2.9.0.jar;C:\Users\caio.schunck\.m2\repository\com\fasterxml\jackson\core\jackson-databind\2.9.7\jackson-databind-2.9.7.jar;C:\Users\caio.schunck\.m2\repository\com\fasterxml\jackson\core\jackson-annotations\2.9.0\jackson-annotations-2.9.0.jar;C:\Users\caio.schunck\.m2\repository\com\fasterxml\jackson\core\jackson-core\2.9.7\jackson-core-2.9.7.jar;C:\Users\caio.schunck\.m2\repository\org\apache\tika\tika-core\1.19.1\tika-core-1.19.1.jar;C:\Users\caio.schunck\.m2\repository\org\aspectj\aspectjrt\1.9.1\aspectjrt-1.9.1.jar;C:\Users\caio.schunck\.m2\repository\org\jooq\joor-java-8\0.9.9\joor-java-8-0.9.9.jar;C:\Users\caio.schunck\.m2\repository\org\slf4j\slf4j-api\1.7.25\slf4j-api-1.7.25.jar;C:\Users\caio.schunck\.m2\repository\io\qameta\allure\allure-junit4\2.9.0\allure-junit4-2.9.0.jar;C:\Users\caio.schunck\.m2\repository\org\projectlombok\lombok\1.18.6\lombok-1.18.6.jar;C:\Users\caio.schunck\.m2\repository\io\rest-assured\json-schema-validator\3.1.0\json-schema-validator-3.1.0.jar;C:\Users\caio.schunck\.m2\repository\com\github\fge\json-schema-validator\2.2.6\json-schema-validator-2.2.6.jar;C:\Users\caio.schunck\.m2\repository\com\google\code\findbugs\jsr305\3.0.0\jsr305-3.0.0.jar;C:\Users\caio.schunck\.m2\repository\joda-time\joda-time\2.3\joda-time-2.3.jar;C:\Users\caio.schunck\.m2\repository\com\googlecode\libphonenumber\libphonenumber\6.2\libphonenumber-6.2.jar;C:\Users\caio.schunck\.m2\repository\com\github\fge\json-schema-core\1.2.5\json-schema-core-1.2.5.jar;C:\Users\caio.schunck\.m2\repository\com\github\fge\uri-template\0.9\uri-template-0.9.jar;C:\Users\caio.schunck\.m2\repository\com\github\fge\msg-simple\1.1\msg-simple-1.1.jar;C:\Users\caio.schunck\.m2\repository\com\github\fge\btf\1.2\btf-1.2.jar;C:\Users\caio.schunck\.m2\repository\com\google\guava\guava\16.0.1\guava-16.0.1.jar;C:\Users\caio.schunck\.m2\repository\com\github\fge\jackson-coreutils\1.8\jackson-coreutils-1.8.jar;C:\Users\caio.schunck\.m2\repository\org\mozilla\rhino\1.7R4\rhino-1.7R4.jar;C:\Users\caio.schunck\.m2\repository\javax\mail\mailapi\1.4.3\mailapi-1.4.3.jar;C:\Users\caio.schunck\.m2\repository\javax\activation\activation\1.1\activation-1.1.jar;C:\Users\caio.schunck\.m2\repository\net\sf\jopt-simple\jopt-simple\4.6\jopt-simple-4.6.jar;C:\Users\caio.schunck\.m2\repository\io\rest-assured\json-path\3.1.0\json-path-3.1.0.jar;C:\Users\caio.schunck\.m2\repository\org\codehaus\groovy\groovy-json\2.4.12\groovy-json-2.4.12.jar;C:\Users\caio.schunck\.m2\repository\io\rest-assured\rest-assured-common\3.1.0\rest-assured-common-3.1.0.jar;C:\Users\caio.schunck\.m2\repository\com\google\code\gson\gson\2.8.5\gson-2.8.5.jar;C:\Users\caio.schunck\.m2\repository\org\hamcrest\hamcrest-core\1.3\hamcrest-core-1.3.jar;"/>
    <property name="test" value="AllTests"/>
    <property name="allure.results.directory" value="C:\Users\caio.schunck\Desktop\Automação geral\Projetos\restassured-project\target/allure-results"/>
    <property name="sun.cpu.endian" value="little"/>
    <property name="user.home" value="C:\Users\caio.schunck"/>
    <property name="user.language" value="pt"/>
    <property name="java.specification.vendor" value="Oracle Corporation"/>
    <property name="java.home" value="C:\Program Files\Java\jdk1.8.0_241\jre"/>
    <property name="basedir" value="C:\Users\caio.schunck\Desktop\Automação geral\Projetos\restassured-project"/>
    <property name="file.separator" value="\"/>
    <property name="line.separator" value="&#10;"/>
    <property name="java.vm.specification.vendor" value="Oracle Corporation"/>
    <property name="java.specification.name" value="Java Platform API Specification"/>
    <property name="java.awt.graphicsenv" value="sun.awt.Win32GraphicsEnvironment"/>
    <property name="surefire.real.class.path" value="C:\Users\CAIO~1.SCH\AppData\Local\Temp\surefire1907116866738508874\surefirebooter6798566331547171819.jar;C:\Users\caio.schunck\.m2\repository/org/aspectj/aspectjweaver/1.9.1/aspectjweaver-1.9.1.jar"/>
    <property name="sun.boot.class.path" value="C:\Program Files\Java\jdk1.8.0_241\jre\lib\resources.jar;C:\Program Files\Java\jdk1.8.0_241\jre\lib\rt.jar;C:\Program Files\Java\jdk1.8.0_241\jre\lib\sunrsasign.jar;C:\Program Files\Java\jdk1.8.0_241\jre\lib\jsse.jar;C:\Program Files\Java\jdk1.8.0_241\jre\lib\jce.jar;C:\Program Files\Java\jdk1.8.0_241\jre\lib\charsets.jar;C:\Program Files\Java\jdk1.8.0_241\jre\lib\jfr.jar;C:\Program Files\Java\jdk1.8.0_241\jre\classes"/>
    <property name="user.script" value=""/>
    <property name="sun.management.compiler" value="HotSpot 64-Bit Tiered Compilers"/>
    <property name="java.runtime.version" value="1.8.0_241-b07"/>
    <property name="user.name" value="caio.schunck"/>
    <property name="path.separator" value=";"/>
    <property name="os.version" value="10.0"/>
    <property name="java.endorsed.dirs" value="C:\Program Files\Java\jdk1.8.0_241\jre\lib\endorsed"/>
    <property name="java.runtime.name" value="Java(TM) SE Runtime Environment"/>
    <property name="file.encoding" value="Cp1252"/>
    <property name="java.vm.name" value="Java HotSpot(TM) 64-Bit Server VM"/>
    <property name="localRepository" value="C:\Users\caio.schunck\.m2\repository"/>
    <property name="java.vendor.url.bug" value="http://bugreport.sun.com/bugreport/"/>
    <property name="java.io.tmpdir" value="C:\Users\CAIO~1.SCH\AppData\Local\Temp\"/>
    <property name="idea.version" value="2021.1.2"/>
    <property name="java.version" value="1.8.0_241"/>
    <property name="user.dir" value="C:\Users\caio.schunck\Desktop\Automação geral\Projetos\restassured-project"/>
    <property name="os.arch" value="amd64"/>
    <property name="java.vm.specification.name" value="Java Virtual Machine Specification"/>
    <property name="java.awt.printerjob" value="sun.awt.windows.WPrinterJob"/>
    <property name="sun.os.patch.level" value=""/>
    <property name="java.library.path" value="C:\Program Files\Java\jdk1.8.0_241\jre\bin;C:\Windows\Sun\Java\bin;C:\Windows\system32;C:\Windows;C:\Program Files\Common Files\Oracle\Java\javapath;C:\Program Files (x86)\Common Files\Oracle\Java\javapath;C:\Windows\system32;C:\Windows;C:\Windows\System32\Wbem;C:\Windows\System32\WindowsPowerShell\v1.0\;C:\Windows\System32\OpenSSH\;C:\Program Files\Git\cmd;C:\Program Files\nodejs\;C:\Users\caio.schunck\AppData\Local\Microsoft\WindowsApps;C:\Program Files\Java\jdk1.8.0_241\bin;C:\Users\caio.schunck\AppData\Local\Android\Sdk\tools;C:\Users\caio.schunck\AppData\Local\Android\Sdk\tools\bin;C:\Users\caio.schunck\AppData\Local\Android\Sdk\platform-tools;C:\Users\caio.schunck\AppData\Roaming\npm;C:\Program Files (x86)\BrowserStackLocal\;."/>
    <property name="java.vm.info" value="mixed mode"/>
    <property name="java.vendor" value="Oracle Corporation"/>
    <property name="java.vm.version" value="25.241-b07"/>
    <property name="java.ext.dirs" value="C:\Program Files\Java\jdk1.8.0_241\jre\lib\ext;C:\Windows\Sun\Java\lib\ext"/>
    <property name="sun.io.unicode.encoding" value="UnicodeLittle"/>
    <property name="java.class.version" value="52.0"/>
  </properties>
  <testcase name="testBasicResponseSearchRandomCategoires" classname="api.chucknorris.io.tests.random.tests.RandomTest" time="4.429"/>
  <testcase name="testBasicResponseSearchEspecifyCategoires" classname="api.chucknorris.io.tests.random.tests.RandomTest" time="1.093"/>
  <testcase name="testValidResponseBySearchInvalidCategory" classname="api.chucknorris.io.tests.random.tests.RandomTest" time="1.147"/>
  <testcase name="testValidResponseBySearchValidCategory" classname="api.chucknorris.io.tests.random.tests.RandomTest" time="1.041"/>
  <testcase name="testValidResponseBySearchInvalidText" classname="api.chucknorris.io.tests.search.tests.SearchTest" time="1.088"/>
  <testcase name="testBasicResponseSearchText" classname="api.chucknorris.io.tests.search.tests.SearchTest" time="0.843"/>
  <testcase name="testValidResponseBySearchValidText" classname="api.chucknorris.io.tests.search.tests.SearchTest" time="1.398"/>
  <testcase name="testBasicResponseSearchCategoires" classname="api.chucknorris.io.tests.categories.tests.CategoriasTest" time="0.385"/>
</testsuite>